\BOOKMARK [0][-]{chapter.1}{Voorwoord}{}% 1
\BOOKMARK [0][-]{chapter.2}{Inleiding}{}% 2
\BOOKMARK [0][-]{chapter.3}{Context}{}% 3
\BOOKMARK [0][-]{chapter.4}{Aanleiding voor het project}{}% 4
\BOOKMARK [0][-]{chapter.5}{Doelstelling, opdracht en op te leveren resultaten voor het bedrijf}{}% 5
\BOOKMARK [0][-]{chapter.6}{Projectgrenzen}{}% 6
\BOOKMARK [0][-]{chapter.7}{Randvoorwaarden}{}% 7
\BOOKMARK [1][-]{section.7.1}{m.b.t. afstudeerbedrijf}{chapter.7}% 8
\BOOKMARK [1][-]{section.7.2}{m.b.t. school}{chapter.7}% 9
\BOOKMARK [0][-]{chapter.8}{Op te leveren producten en kwaliteitseisen}{}% 10
\BOOKMARK [1][-]{section.8.1}{Competenties}{chapter.8}% 11
\BOOKMARK [2][-]{subsection.8.1.1}{SD-1: Software Requirements}{section.8.1}% 12
\BOOKMARK [2][-]{subsection.8.1.2}{SD-2: Software Design}{section.8.1}% 13
\BOOKMARK [2][-]{subsection.8.1.3}{SD-3: Software Architecture}{section.8.1}% 14
\BOOKMARK [2][-]{subsection.8.1.4}{SD-4: Software Construction}{section.8.1}% 15
\BOOKMARK [2][-]{subsection.8.1.5}{SD-5: Software Testing and Quality}{section.8.1}% 16
\BOOKMARK [2][-]{subsection.8.1.6}{SD-6: Software Engineering Process and Management}{section.8.1}% 17
\BOOKMARK [2][-]{subsection.8.1.7}{SD-7: Research}{section.8.1}% 18
\BOOKMARK [2][-]{subsection.8.1.8}{SD-8: Self support}{section.8.1}% 19
\BOOKMARK [0][-]{chapter.9}{Ontwikkelmethoden}{}% 20
\BOOKMARK [0][-]{chapter.10}{Projectorganisatie en communicatie}{}% 21
\BOOKMARK [0][-]{chapter.11}{Planning}{}% 22
\BOOKMARK [0][-]{chapter.12}{Risico's}{}% 23
